
> rep-optics-app@0.1.0 dev
> next dev

▲ Next.js 16.1.4 (Turbopack)
- Local:         http://localhost:3000
- Network:       http://192.168.0.2:3000

✓ Starting...
Attention: Next.js now collects completely anonymous telemetry regarding usage.
This information is used to shape Next.js' roadmap and prioritize features.
You can learn more, including how to opt-out if you'd not like to participate in this anonymous program, by visiting the following URL:
https://nextjs.org/telemetry

✓ Ready in 1531ms
○ Compiling /report/[...slug] ...
[ReportPage] Component started
[ReportPage] Awaiting params...
[ReportPage] Params resolved: { slug: [ 'octocat', 'Hello-World' ] }
[ReportPage] Rendering report for octocat/Hello-World
[ReportPage] Calling scanRepo for octocat/Hello-World
[Scanner] Starting scan for octocat/Hello-World
[Scanner] No GITHUB_TOKEN provided, running unauthenticated (rate limits apply)
[Scanner] Fetching metadata for octocat/Hello-World
[Scanner] Default branch: master
[Scanner] Fetching file tree...
[Scanner] File tree fetched. Items: 1
[Scanner] Fetching README content from README
[Scanner] Fetching PR metrics...
[Scanner] Found 1 merged PRs in last 20.
[Scanner] Auditing dependencies...
[Scanner] Scan complete.
[ReportPage] Scan completed
 GET /report/octocat/Hello-World 200 in 26.1s (compile: 21.9s, render: 4.2s)
✓ Compiled in 54ms
